Unity Editor version:    2023.2.18f1 (1cb755715f58)
Branch:                  2023.2/staging
Build type:              Release
Batch mode:              YES
macOS version:           Version 10.15.7 (Build 19H2026)
Darwin version:          19.6.0
Architecture:            x86_64
Running under Rosetta:   NO
Available memory:        16384 MB
Using pre-set license
Pro License: YES

COMMAND LINE ARGUMENTS:
/Users/sandyshearwood/Desktop/2023.2.18f1/Unity.app/Contents/MacOS/Unity
-adb2
-batchMode
-noUpm
-name
AssetImportWorker1
-projectPath
/Users/sandyshearwood/Desktop/Video-James/2D GAME
-logFile
Logs/AssetImportWorker1.log
-srvPort
58053
-job-worker-count
1
-background-job-worker-count
8
-asset-garbage-collectors
1
Successfully changed project path to: /Users/sandyshearwood/Desktop/Video-James/2D GAME
/Users/sandyshearwood/Desktop/Video-James/2D GAME
[UnityMemory] Configuration Parameters - Can be set up in boot.config
    "memorysetup-bucket-allocator-granularity=16"
    "memorysetup-bucket-allocator-bucket-count=8"
    "memorysetup-bucket-allocator-block-size=33554432"
    "memorysetup-bucket-allocator-block-count=8"
    "memorysetup-main-allocator-block-size=16777216"
    "memorysetup-thread-allocator-block-size=16777216"
    "memorysetup-gfx-main-allocator-block-size=16777216"
    "memorysetup-gfx-thread-allocator-block-size=16777216"
    "memorysetup-cache-allocator-block-size=4194304"
    "memorysetup-typetree-allocator-block-size=2097152"
    "memorysetup-profiler-bucket-allocator-granularity=16"
    "memorysetup-profiler-bucket-allocator-bucket-count=8"
    "memorysetup-profiler-bucket-allocator-block-size=33554432"
    "memorysetup-profiler-bucket-allocator-block-count=8"
    "memorysetup-profiler-allocator-block-size=16777216"
    "memorysetup-profiler-editor-allocator-block-size=1048576"
    "memorysetup-temp-allocator-size-main=16777216"
    "memorysetup-job-temp-allocator-block-size=2097152"
    "memorysetup-job-temp-allocator-block-size-background=1048576"
    "memorysetup-job-temp-allocator-reduction-small-platforms=262144"
    "memorysetup-allocator-temp-initial-block-size-main=262144"
    "memorysetup-allocator-temp-initial-block-size-worker=262144"
    "memorysetup-temp-allocator-size-background-worker=32768"
    "memorysetup-temp-allocator-size-job-worker=262144"
    "memorysetup-temp-allocator-size-preload-manager=33554432"
    "memorysetup-temp-allocator-size-nav-mesh-worker=65536"
    "memorysetup-temp-allocator-size-audio-worker=65536"
    "memorysetup-temp-allocator-size-cloud-worker=32768"
    "memorysetup-temp-allocator-size-gi-baking-worker=262144"
    "memorysetup-temp-allocator-size-gi-baking-worker=262144"
    "memorysetup-temp-allocator-size-gi-baking-worker=262144"
    "memorysetup-temp-allocator-size-gi-baking-worker=262144"
    "memorysetup-temp-allocator-size-gfx=262144"
Player connection [4801052096] Host "[IP] 192.168.0.177 [Port] 0 [Flags] 2 [Guid] 958064555 [EditorId] 958064555 [Version] 1048832 [Id] OSXEditor(0,Cassandras-Air.modem) [Debug] 1 [PackageName] OSXEditor [ProjectName] Editor" joined multi-casting on [225.0.0.222:54997]...
Player connection [4801052096] Host "[IP] 192.168.0.177 [Port] 0 [Flags] 2 [Guid] 958064555 [EditorId] 958064555 [Version] 1048832 [Id] OSXEditor(0,Cassandras-Air.modem) [Debug] 1 [PackageName] OSXEditor [ProjectName] Editor" joined alternative multi-casting on [225.0.0.222:34997]...
JobSystem: Creating JobQueue using job-worker-count value 1
[Physics::Module] Initialized MultithreadedJobDispatcher with 1 workers.
Library Redirect Path: Library/
Refreshing native plugins compatible for Editor in 1.22 ms, found 1 plugins.
Preloading 0 native plugins for Editor in 0.00 ms.
Initialize engine version: 2023.2.18f1 (1cb755715f58)
[Subsystems] Discovering subsystems at path /Users/sandyshearwood/Desktop/2023.2.18f1/Unity.app/Contents/Resources/UnitySubsystems
[Subsystems] Discovering subsystems at path /Users/sandyshearwood/Desktop/Video-James/2D GAME/Assets
GfxDevice: creating device client; kGfxThreadingModeNonThreaded
Color LCD preferred device: Intel(R) UHD Graphics 617 (low power)
Metal devices available: 1
0: Intel(R) UHD Graphics 617 (low power)
Using device Intel(R) UHD Graphics 617 (low power)
Initializing Metal device caps: Intel(R) UHD Graphics 617
Initialize mono
Mono path[0] = '/Users/sandyshearwood/Desktop/2023.2.18f1/Unity.app/Contents/Managed'
Mono path[1] = '/Users/sandyshearwood/Desktop/2023.2.18f1/Unity.app/Contents/MonoBleedingEdge/lib/mono/unityjit-macos'
Mono config path = '/Users/sandyshearwood/Desktop/2023.2.18f1/Unity.app/Contents/MonoBleedingEdge/etc'
Using monoOptions --debugger-agent=transport=dt_socket,embedding=1,server=y,suspend=n,address=127.0.0.1:56592
Begin MonoManager ReloadAssembly
icall.c:1842:
icall.c:1842:
icall.c:1842:
icall.c:1842:
icall.c:1842:
icall.c:1842:
icall.c:1842:
icall.c:1842:
icall.c:1842:
icall.c:1842:
Registering precompiled unity dll's ...
Register platform support module: /Users/sandyshearwood/Desktop/2023.2.18f1/Unity.app/Contents/PlaybackEngines/MacStandaloneSupport/UnityEditor.OSXStandalone.Extensions.dll
Register platform support module: /Users/sandyshearwood/Desktop/2023.2.18f1/PlaybackEngines/WindowsStandaloneSupport/UnityEditor.WindowsStandalone.Extensions.dll
Registered in 0.021964 seconds.
- Loaded All Assemblies, in  2.145 seconds
Native extension for WindowsStandalone target not found
Native extension for OSXStandalone target not found
Mono: successfully reloaded assembly
icall.c:1842:
icall.c:1842:
- Finished resetting the current domain, in  2.011 seconds
Domain Reload Profiling: 4157ms
	BeginReloadAssembly (558ms)
		ExecutionOrderSort (0ms)
		DisableScriptedObjects (0ms)
		BackupInstance (0ms)
		ReleaseScriptingObjects (0ms)
		CreateAndSetChildDomain (2ms)
	RebuildCommonClasses (273ms)
	RebuildNativeTypeToScriptingClass (87ms)
	initialDomainReloadingComplete (329ms)
	LoadAllAssembliesAndSetupDomain (898ms)
		LoadAssemblies (556ms)
		RebuildTransferFunctionScriptingTraits (0ms)
		AnalyzeDomain (891ms)
			TypeCache.Refresh (886ms)
				TypeCache.ScanAssembly (840ms)
			BuildScriptInfoCaches (0ms)
			ResolveRequiredComponents (1ms)
	FinalizeReload (2013ms)
		ReleaseScriptCaches (0ms)
		RebuildScriptCaches (0ms)
		SetupLoadedEditorAssemblies (1757ms)
			LogAssemblyErrors (0ms)
			InitializePlatformSupportModulesInManaged (151ms)
			SetLoadedEditorAssemblies (24ms)
			BeforeProcessingInitializeOnLoad (54ms)
			ProcessInitializeOnLoadAttributes (1310ms)
			ProcessInitializeOnLoadMethodAttributes (218ms)
			AfterProcessingInitializeOnLoad (0ms)
			EditorAssembliesLoaded (0ms)
		ExecutionOrderSort2 (0ms)
		AwakeInstancesAfterBackupRestoration (0ms)
========================================================================
Worker process is ready to serve import requests
Import Worker Mode flag is 0x00
Begin MonoManager ReloadAssembly
icall.c:1842:
icall.c:1842:
icall.c:1842:
icall.c:1842:
icall.c:1842:
icall.c:1842:
icall.c:1842:
icall.c:1842:
icall.c:1842:
icall.c:1842:
icall.c:1842:
icall.c:1842:
- Loaded All Assemblies, in  3.103 seconds
Refreshing native plugins compatible for Editor in 0.79 ms, found 1 plugins.
Native extension for WindowsStandalone target not found
Native extension for OSXStandalone target not found
Mono: successfully reloaded assembly
- Finished resetting the current domain, in  2.488 seconds
Domain Reload Profiling: 5588ms
	BeginReloadAssembly (1569ms)
		ExecutionOrderSort (0ms)
		DisableScriptedObjects (43ms)
		BackupInstance (0ms)
		ReleaseScriptingObjects (0ms)
		CreateAndSetChildDomain (141ms)
	RebuildCommonClasses (167ms)
	RebuildNativeTypeToScriptingClass (56ms)
	initialDomainReloadingComplete (143ms)
	LoadAllAssembliesAndSetupDomain (1165ms)
		LoadAssemblies (963ms)
		RebuildTransferFunctionScriptingTraits (0ms)
		AnalyzeDomain (379ms)
			TypeCache.Refresh (293ms)
				TypeCache.ScanAssembly (264ms)
			BuildScriptInfoCaches (58ms)
			ResolveRequiredComponents (13ms)
	FinalizeReload (2489ms)
		ReleaseScriptCaches (0ms)
		RebuildScriptCaches (0ms)
		SetupLoadedEditorAssemblies (1598ms)
			LogAssemblyErrors (0ms)
			InitializePlatformSupportModulesInManaged (9ms)
			SetLoadedEditorAssemblies (14ms)
			BeforeProcessingInitializeOnLoad (125ms)
			ProcessInitializeOnLoadAttributes (1253ms)
			ProcessInitializeOnLoadMethodAttributes (188ms)
			AfterProcessingInitializeOnLoad (8ms)
			EditorAssembliesLoaded (1ms)
		ExecutionOrderSort2 (0ms)
		AwakeInstancesAfterBackupRestoration (22ms)
Launching external process: /Users/sandyshearwood/Desktop/2023.2.18f1/Unity.app/Contents/Tools/UnityShaderCompiler
Launched and connected shader compiler UnityShaderCompiler after 0.05 seconds
Refreshing native plugins compatible for Editor in 0.94 ms, found 1 plugins.
Preloading 0 native plugins for Editor in 0.00 ms.
Unloading 27 Unused Serialized files (Serialized files now loaded: 0)
Unloading 1851 unused Assets / (240.0 KB). Loaded Objects now: 2437.
Memory consumption went from 189.3 MB to 189.0 MB.
Total: 16.290750 ms (FindLiveObjects: 0.580174 ms CreateObjectMapping: 0.433978 ms MarkObjects: 14.252736 ms  DeleteObjects: 1.021628 ms)

========================================================================
Received Import Request.
  Time since last request: 110965.124351 seconds.
  path: Assets/TilesnSprites/Palette 2.prefab
  artifactKey: Guid(7e5a60e183b933541ad31927b0fd5395) Importer(815301076,1909f56bfc062723c751e8b465ee728b)
Start importing Assets/TilesnSprites/Palette 2.prefab using Guid(7e5a60e183b933541ad31927b0fd5395) Importer(815301076,1909f56bfc062723c751e8b465ee728b) (PreviewImporter) -> (artifact id: '0b9597006cdff9c97b04dc3a2b16bfa0') in 0.539283819 seconds
Number of updated asset objects reloaded before import = 0Number of asset objects unloaded after import = 41

========================================================================
Received Import Request.
  Time since last request: 0.000254 seconds.
  path: Assets/TilesnSprites/tiles-Sheet (1)_0.asset
  artifactKey: Guid(22df42fb6338f8c4482e6fee5c005f4b) Importer(815301076,1909f56bfc062723c751e8b465ee728b)
Start importing Assets/TilesnSprites/tiles-Sheet (1)_0.asset using Guid(22df42fb6338f8c4482e6fee5c005f4b) Importer(815301076,1909f56bfc062723c751e8b465ee728b) (PreviewImporter) -> (artifact id: '072c71c5b572851ea846c0262e203c36') in 0.050976878 seconds
Number of updated asset objects reloaded before import = 0Number of asset objects unloaded after import = 3

========================================================================
Received Import Request.
  Time since last request: 0.000120 seconds.
  path: Assets/TilesnSprites/tiles-Sheet (1)_13.asset
  artifactKey: Guid(1d763a23fa021f24688c04bd959f626b) Importer(815301076,1909f56bfc062723c751e8b465ee728b)
Start importing Assets/TilesnSprites/tiles-Sheet (1)_13.asset using Guid(1d763a23fa021f24688c04bd959f626b) Importer(815301076,1909f56bfc062723c751e8b465ee728b) (PreviewImporter) -> (artifact id: '22de5d2519fc287095a1539f78d1cee5') in 0.009401421 seconds
Number of updated asset objects reloaded before import = 0Number of asset objects unloaded after import = 3

========================================================================
Received Import Request.
  Time since last request: 0.000554 seconds.
  path: Assets/TilesnSprites/tileset_6.asset
  artifactKey: Guid(7ee21a41f79e42749a2da3a161273212) Importer(815301076,1909f56bfc062723c751e8b465ee728b)
Start importing Assets/TilesnSprites/tileset_6.asset using Guid(7ee21a41f79e42749a2da3a161273212) Importer(815301076,1909f56bfc062723c751e8b465ee728b) (PreviewImporter) -> (artifact id: 'cf5ec610f72ac81392c39a0bbce63a54') in 0.02236559 seconds
Number of updated asset objects reloaded before import = 0Number of asset objects unloaded after import = 3

========================================================================
Received Import Request.
  Time since last request: 0.000075 seconds.
  path: Assets/TilesnSprites/tileset_5.asset
  artifactKey: Guid(73bfb3f278508b6489c1fbc57bef1cab) Importer(815301076,1909f56bfc062723c751e8b465ee728b)
Start importing Assets/TilesnSprites/tileset_5.asset using Guid(73bfb3f278508b6489c1fbc57bef1cab) Importer(815301076,1909f56bfc062723c751e8b465ee728b) (PreviewImporter) -> (artifact id: '06dee8a0e5cfbb019eae54cecc20bae4') in 0.020670692 seconds
Number of updated asset objects reloaded before import = 0Number of asset objects unloaded after import = 3

========================================================================
Received Import Request.
  Time since last request: 0.000118 seconds.
  path: Assets/TilesnSprites/tiles-Sheet (1)_11.asset
  artifactKey: Guid(d0471ade5d0d7624db43d52be07175c5) Importer(815301076,1909f56bfc062723c751e8b465ee728b)
Start importing Assets/TilesnSprites/tiles-Sheet (1)_11.asset using Guid(d0471ade5d0d7624db43d52be07175c5) Importer(815301076,1909f56bfc062723c751e8b465ee728b) (PreviewImporter) -> (artifact id: 'a2ac07b15d2ccaf97d1723315196d49e') in 0.010465475 seconds
Number of updated asset objects reloaded before import = 0Number of asset objects unloaded after import = 3

========================================================================
Received Import Request.
  Time since last request: 0.000116 seconds.
  path: Assets/TilesnSprites/tiles-Sheet (1).png
  artifactKey: Guid(a005623f061d20143958c181718c9161) Importer(815301076,1909f56bfc062723c751e8b465ee728b)
Start importing Assets/TilesnSprites/tiles-Sheet (1).png using Guid(a005623f061d20143958c181718c9161) Importer(815301076,1909f56bfc062723c751e8b465ee728b) (PreviewImporter) -> (artifact id: '2ab80889c557b97cdb021ee873b25bbc') in 0.19696562 seconds
Number of updated asset objects reloaded before import = 0Number of asset objects unloaded after import = 17

========================================================================
Received Import Request.
  Time since last request: 0.000386 seconds.
  path: Assets/TilesnSprites/tileset_7.asset
  artifactKey: Guid(27bf44bfe7590eb41b4ec6f04f1faeda) Importer(815301076,1909f56bfc062723c751e8b465ee728b)
Start importing Assets/TilesnSprites/tileset_7.asset using Guid(27bf44bfe7590eb41b4ec6f04f1faeda) Importer(815301076,1909f56bfc062723c751e8b465ee728b) (PreviewImporter) -> (artifact id: '1b590b29a4408988d7ea8f58fb9f74e4') in 0.015362457 seconds
Number of updated asset objects reloaded before import = 0Number of asset objects unloaded after import = 3

========================================================================
Received Import Request.
  Time since last request: 0.000076 seconds.
  path: Assets/TilesnSprites/tiles-Sheet (1)_10.asset
  artifactKey: Guid(4125b3783dca93d4ab7e77ee0621c255) Importer(815301076,1909f56bfc062723c751e8b465ee728b)
Start importing Assets/TilesnSprites/tiles-Sheet (1)_10.asset using Guid(4125b3783dca93d4ab7e77ee0621c255) Importer(815301076,1909f56bfc062723c751e8b465ee728b) (PreviewImporter) -> (artifact id: '3b5976e1830811741929442c89b61291') in 0.014563307 seconds
Number of updated asset objects reloaded before import = 0Number of asset objects unloaded after import = 3

========================================================================
Received Import Request.
  Time since last request: 0.000682 seconds.
  path: Assets/TilesnSprites
  artifactKey: Guid(aa53bde3bdc29614d9ff317cc613b029) Importer(815301076,1909f56bfc062723c751e8b465ee728b)
Start importing Assets/TilesnSprites using Guid(aa53bde3bdc29614d9ff317cc613b029) Importer(815301076,1909f56bfc062723c751e8b465ee728b) (PreviewImporter) -> (artifact id: '064ad80e3e2485bd1d1cf1b551b39e04') in 0.001629234 seconds
Number of updated asset objects reloaded before import = 0Number of asset objects unloaded after import = 0

========================================================================
Received Import Request.
  Time since last request: 0.000185 seconds.
  path: Assets/TilesnSprites/tiles-Sheet (1)_8.asset
  artifactKey: Guid(dc35eae6450a45546853fab660bb24b9) Importer(815301076,1909f56bfc062723c751e8b465ee728b)
Start importing Assets/TilesnSprites/tiles-Sheet (1)_8.asset using Guid(dc35eae6450a45546853fab660bb24b9) Importer(815301076,1909f56bfc062723c751e8b465ee728b) (PreviewImporter) -> (artifact id: 'b1afc560a3625c28cbeae333b320759a') in 0.006486655 seconds
Number of updated asset objects reloaded before import = 0Number of asset objects unloaded after import = 3

========================================================================
Received Import Request.
  Time since last request: 0.000094 seconds.
  path: Assets/TilesnSprites/Ladder.png
  artifactKey: Guid(7020cc72f65e26145acd80e22d0ad8d4) Importer(815301076,1909f56bfc062723c751e8b465ee728b)
Start importing Assets/TilesnSprites/Ladder.png using Guid(7020cc72f65e26145acd80e22d0ad8d4) Importer(815301076,1909f56bfc062723c751e8b465ee728b) (PreviewImporter) -> (artifact id: 'b77727cf110abe8ee7a872da4679f8e3') in 0.02764137 seconds
Number of updated asset objects reloaded before import = 0Number of asset objects unloaded after import = 3

========================================================================
Received Import Request.
  Time since last request: 0.000108 seconds.
  path: Assets/TilesnSprites/player-arm.png
  artifactKey: Guid(83853472e7757194094e23c67b78d915) Importer(815301076,1909f56bfc062723c751e8b465ee728b)
Start importing Assets/TilesnSprites/player-arm.png using Guid(83853472e7757194094e23c67b78d915) Importer(815301076,1909f56bfc062723c751e8b465ee728b) (PreviewImporter) -> (artifact id: '0fc4066a55548299aefd27290a31844d') in 0.035856968 seconds
Number of updated asset objects reloaded before import = 0Number of asset objects unloaded after import = 7

========================================================================
Received Import Request.
  Time since last request: 0.001525 seconds.
  path: Assets/TilesnSprites/tileset_8.asset
  artifactKey: Guid(5d11eed207b5fa54d86dc39d2172ee18) Importer(815301076,1909f56bfc062723c751e8b465ee728b)
Start importing Assets/TilesnSprites/tileset_8.asset using Guid(5d11eed207b5fa54d86dc39d2172ee18) Importer(815301076,1909f56bfc062723c751e8b465ee728b) (PreviewImporter) -> (artifact id: 'c2e496b229137d1113ad27f6cd78a459') in 0.01472253 seconds
Number of updated asset objects reloaded before import = 0Number of asset objects unloaded after import = 3

========================================================================
Received Import Request.
  Time since last request: 0.005757 seconds.
  path: Assets/TilesnSprites/tiles-Sheet (1)_4.asset
  artifactKey: Guid(0d4844cb34a89194e8be81d3368b485a) Importer(815301076,1909f56bfc062723c751e8b465ee728b)
Start importing Assets/TilesnSprites/tiles-Sheet (1)_4.asset using Guid(0d4844cb34a89194e8be81d3368b485a) Importer(815301076,1909f56bfc062723c751e8b465ee728b) (PreviewImporter) -> (artifact id: 'd9b45cc5659a9d1c833ed4fd21456dec') in 0.009697665 seconds
Number of updated asset objects reloaded before import = 0Number of asset objects unloaded after import = 3

========================================================================
Received Import Request.
  Time since last request: 0.000675 seconds.
  path: Assets/TilesnSprites/tileset_2.asset
  artifactKey: Guid(dd9f84e2f8c1a7d48903f60d6526e93c) Importer(815301076,1909f56bfc062723c751e8b465ee728b)
Start importing Assets/TilesnSprites/tileset_2.asset using Guid(dd9f84e2f8c1a7d48903f60d6526e93c) Importer(815301076,1909f56bfc062723c751e8b465ee728b) (PreviewImporter) -> (artifact id: '351eec8111e822e15ffbb1516f0fdbed') in 0.014181213 seconds
Number of updated asset objects reloaded before import = 0Number of asset objects unloaded after import = 3

========================================================================
Received Import Request.
  Time since last request: 0.000640 seconds.
  path: Assets/TilesnSprites/door-Sheet.png
  artifactKey: Guid(2865a7eba844d164d968bf946c504d03) Importer(815301076,1909f56bfc062723c751e8b465ee728b)
Start importing Assets/TilesnSprites/door-Sheet.png using Guid(2865a7eba844d164d968bf946c504d03) Importer(815301076,1909f56bfc062723c751e8b465ee728b) (PreviewImporter) -> (artifact id: '96fabc590a098f4e8265dc79314dbf1e') in 0.187411692 seconds
Number of updated asset objects reloaded before import = 0Number of asset objects unloaded after import = 4

========================================================================
Received Import Request.
  Time since last request: 0.000074 seconds.
  path: Assets/TilesnSprites/tileset_10.asset
  artifactKey: Guid(f76822464bd47f349aab299dc541b092) Importer(815301076,1909f56bfc062723c751e8b465ee728b)
Start importing Assets/TilesnSprites/tileset_10.asset using Guid(f76822464bd47f349aab299dc541b092) Importer(815301076,1909f56bfc062723c751e8b465ee728b) (PreviewImporter) -> (artifact id: 'd786f6551ce2c8980727c965f7f2b05e') in 0.010488236 seconds
Number of updated asset objects reloaded before import = 0Number of asset objects unloaded after import = 3

========================================================================
Received Prepare
Begin MonoManager ReloadAssembly
icall.c:1842:
icall.c:1842:
icall.c:1842:
icall.c:1842:
icall.c:1842:
icall.c:1842:
icall.c:1842:
icall.c:1842:
icall.c:1842:
icall.c:1842:
icall.c:1842:
icall.c:1842:
- Loaded All Assemblies, in  1.078 seconds
Refreshing native plugins compatible for Editor in 0.44 ms, found 1 plugins.
Native extension for WindowsStandalone target not found
Native extension for OSXStandalone target not found
Mono: successfully reloaded assembly
- Finished resetting the current domain, in  1.596 seconds
Domain Reload Profiling: 2676ms
	BeginReloadAssembly (384ms)
		ExecutionOrderSort (0ms)
		DisableScriptedObjects (32ms)
		BackupInstance (0ms)
		ReleaseScriptingObjects (0ms)
		CreateAndSetChildDomain (152ms)
	RebuildCommonClasses (118ms)
	RebuildNativeTypeToScriptingClass (42ms)
	initialDomainReloadingComplete (55ms)
	LoadAllAssembliesAndSetupDomain (479ms)
		LoadAssemblies (467ms)
		RebuildTransferFunctionScriptingTraits (0ms)
		AnalyzeDomain (149ms)
			TypeCache.Refresh (9ms)
				TypeCache.ScanAssembly (0ms)
			BuildScriptInfoCaches (127ms)
			ResolveRequiredComponents (7ms)
	FinalizeReload (1597ms)
		ReleaseScriptCaches (0ms)
		RebuildScriptCaches (0ms)
		SetupLoadedEditorAssemblies (976ms)
			LogAssemblyErrors (0ms)
			InitializePlatformSupportModulesInManaged (9ms)
			SetLoadedEditorAssemblies (10ms)
			BeforeProcessingInitializeOnLoad (68ms)
			ProcessInitializeOnLoadAttributes (800ms)
			ProcessInitializeOnLoadMethodAttributes (86ms)
			AfterProcessingInitializeOnLoad (3ms)
			EditorAssembliesLoaded (0ms)
		ExecutionOrderSort2 (0ms)
		AwakeInstancesAfterBackupRestoration (20ms)
Refreshing native plugins compatible for Editor in 0.73 ms, found 1 plugins.
Preloading 0 native plugins for Editor in 0.00 ms.
Unloading 0 Unused Serialized files (Serialized files now loaded: 0)
Unloading 1849 unused Assets / (480.9 KB). Loaded Objects now: 2456.
Memory consumption went from 185.6 MB to 185.1 MB.
Total: 17.602987 ms (FindLiveObjects: 0.372900 ms CreateObjectMapping: 0.443737 ms MarkObjects: 14.639550 ms  DeleteObjects: 2.134043 ms)

Prepare: number of updated asset objects reloaded= 0
========================================================================
Received Prepare
Begin MonoManager ReloadAssembly
icall.c:1842:
icall.c:1842:
icall.c:1842:
icall.c:1842:
icall.c:1842:
icall.c:1842:
icall.c:1842:
icall.c:1842:
icall.c:1842:
icall.c:1842:
icall.c:1842:
icall.c:1842:
- Loaded All Assemblies, in  1.078 seconds
Refreshing native plugins compatible for Editor in 0.84 ms, found 1 plugins.
Native extension for WindowsStandalone target not found
Native extension for OSXStandalone target not found
Mono: successfully reloaded assembly
- Finished resetting the current domain, in  1.533 seconds
Domain Reload Profiling: 2612ms
	BeginReloadAssembly (372ms)
		ExecutionOrderSort (0ms)
		DisableScriptedObjects (33ms)
		BackupInstance (0ms)
		ReleaseScriptingObjects (0ms)
		CreateAndSetChildDomain (147ms)
	RebuildCommonClasses (125ms)
	RebuildNativeTypeToScriptingClass (47ms)
	initialDomainReloadingComplete (54ms)
	LoadAllAssembliesAndSetupDomain (480ms)
		LoadAssemblies (465ms)
		RebuildTransferFunctionScriptingTraits (0ms)
		AnalyzeDomain (148ms)
			TypeCache.Refresh (7ms)
				TypeCache.ScanAssembly (0ms)
			BuildScriptInfoCaches (126ms)
			ResolveRequiredComponents (8ms)
	FinalizeReload (1534ms)
		ReleaseScriptCaches (0ms)
		RebuildScriptCaches (0ms)
		SetupLoadedEditorAssemblies (984ms)
			LogAssemblyErrors (0ms)
			InitializePlatformSupportModulesInManaged (8ms)
			SetLoadedEditorAssemblies (9ms)
			BeforeProcessingInitializeOnLoad (73ms)
			ProcessInitializeOnLoadAttributes (759ms)
			ProcessInitializeOnLoadMethodAttributes (131ms)
			AfterProcessingInitializeOnLoad (3ms)
			EditorAssembliesLoaded (0ms)
		ExecutionOrderSort2 (0ms)
		AwakeInstancesAfterBackupRestoration (23ms)
Refreshing native plugins compatible for Editor in 0.61 ms, found 1 plugins.
Preloading 0 native plugins for Editor in 0.00 ms.
Unloading 0 Unused Serialized files (Serialized files now loaded: 0)
Unloading 1849 unused Assets / (199.1 KB). Loaded Objects now: 2456.
Memory consumption went from 187.9 MB to 187.7 MB.
Total: 20.407523 ms (FindLiveObjects: 0.522757 ms CreateObjectMapping: 0.446185 ms MarkObjects: 18.424224 ms  DeleteObjects: 1.012212 ms)

Prepare: number of updated asset objects reloaded= 0
